<?xml version="1.0" encoding="UTF-8"?>
<testng-results skipped="0" failed="0" total="1" passed="1">
  <reporter-output>
  </reporter-output>
  <suite name="Default suite" duration-ms="9647" started-at="2018-09-01T06:13:04Z" finished-at="2018-09-01T06:13:14Z">
    <groups>
    </groups>
    <test name="Default test" duration-ms="9647" started-at="2018-09-01T06:13:04Z" finished-at="2018-09-01T06:13:14Z">
      <class name="com.Samples.Login">
        <test-method status="PASS" signature="getSapSessionObject()[pri:0, instance:com.Samples.Login@18a00e3]" name="getSapSessionObject" is-config="true" duration-ms="7491" started-at="2018-09-01T11:43:04Z" finished-at="2018-09-01T11:43:12Z">
          <reporter-output>
          </reporter-output>
        </test-method> <!-- getSapSessionObject -->
        <test-method status="PASS" signature="LoginSAPGUI()[pri:0, instance:com.Samples.Login@18a00e3]" name="LoginSAPGUI" duration-ms="2108" started-at="2018-09-01T11:43:12Z" finished-at="2018-09-01T11:43:14Z">
          <reporter-output>
          </reporter-output>
        </test-method> <!-- LoginSAPGUI -->
      </class> <!-- com.Samples.Login -->
    </test> <!-- Default test -->
  </suite> <!-- Default suite -->
</testng-results>
